<?xml version="1.0" encoding="UTF-8"?>
<!-- Generated by org.testng.reporters.JUnitXMLReporter -->
<testsuite hostname="DESKTOP-B4CGF5L" ignored="0" name="Test" tests="3" failures="0" timestamp="07 Apr 2018 17:26:21 GMT" time="147.317" errors="0">
  <testcase name="homePage" time="7.172" classname="com.komoot.scripts.VerifyHomePage"/>
  <testcase name="hike" time="13.109" classname="com.komoot.scripts.VerifyChangeSportsType"/>
  <testcase name="homePage" time="42.62" classname="com.komoot.scripts.VerifyPlan"/>
</testsuite> <!-- Test -->
