<?xml version="1.0" encoding="UTF-8"?>
<!-- Generated by org.testng.reporters.JUnitXMLReporter -->
<testsuite hostname="DESKTOP-B4CGF5L" ignored="0" name="Test" tests="3" failures="0" timestamp="07 Apr 2018 16:39:19 GMT" time="181.201" errors="0">
  <testcase name="homePage" time="6.423" classname="com.komoot.scripts.navigateHomePage"/>
  <testcase name="hike" time="12.374" classname="com.komoot.scripts.ChangeSportsType"/>
  <testcase name="homePage" time="46.954" classname="com.komoot.scripts.plan"/>
</testsuite> <!-- Test -->
