<?xml version="1.0" encoding="UTF-8"?>
<testng-results skipped="0" failed="0" ignored="0" total="1" passed="1">
  <reporter-output>
  </reporter-output>
  <suite name="Default suite" duration-ms="52442" started-at="2018-04-07T00:19:10Z" finished-at="2018-04-07T00:20:03Z">
    <groups>
    </groups>
    <test name="Default test" duration-ms="52442" started-at="2018-04-07T00:19:10Z" finished-at="2018-04-07T00:20:03Z">
      <class name="com.komoot.scripts.ChangeSportsTxpe">
        <test-method status="PASS" signature="setUp()[pri:0, instance:com.komoot.scripts.ChangeSportsTxpe@548a9f61]" name="setUp" is-config="true" duration-ms="37039" started-at="2018-04-07T02:19:10Z" finished-at="2018-04-07T02:19:47Z">
          <reporter-output>
          </reporter-output>
        </test-method> <!-- setUp -->
        <test-method status="PASS" signature="hike()[pri:0, instance:com.komoot.scripts.ChangeSportsTxpe@548a9f61]" name="hike" duration-ms="15356" started-at="2018-04-07T02:19:48Z" finished-at="2018-04-07T02:20:03Z">
          <reporter-output>
          </reporter-output>
        </test-method> <!-- hike -->
      </class> <!-- com.komoot.scripts.ChangeSportsTxpe -->
    </test> <!-- Default test -->
  </suite> <!-- Default suite -->
</testng-results>
