<?xml version="1.0" encoding="UTF-8"?>
<testng-results skipped="0" failed="0" ignored="0" total="1" passed="1">
  <reporter-output>
  </reporter-output>
  <suite name="Default suite" duration-ms="51715" started-at="2018-04-09T17:37:08Z" finished-at="2018-04-09T17:38:00Z">
    <groups>
    </groups>
    <test name="Default test" duration-ms="51715" started-at="2018-04-09T17:37:08Z" finished-at="2018-04-09T17:38:00Z">
      <class name="com.komoot.scripts.ChangeNotification">
        <test-method status="PASS" signature="setUp()[pri:0, instance:com.komoot.scripts.ChangeNotification@30a3107a]" name="setUp" is-config="true" duration-ms="36658" started-at="2018-04-09T17:37:08Z" finished-at="2018-04-09T17:37:45Z">
          <reporter-output>
          </reporter-output>
        </test-method> <!-- setUp -->
        <test-method status="PASS" signature="changeNotification()[pri:0, instance:com.komoot.scripts.ChangeNotification@30a3107a]" name="changeNotification" duration-ms="15015" started-at="2018-04-09T17:37:45Z" finished-at="2018-04-09T17:38:00Z">
          <reporter-output>
          </reporter-output>
        </test-method> <!-- changeNotification -->
      </class> <!-- com.komoot.scripts.ChangeNotification -->
    </test> <!-- Default test -->
  </suite> <!-- Default suite -->
</testng-results>
